ä».envæ–‡ä»¶åŠ è½½é…ç½® | Loading configuration from .env file
å¯åŠ¨çŸ¿æ± æœåŠ¡å™¨ | Starting pool server
æŒ–çŸ¿å…¬é’¥ | Mining public key: 3geooCU86ng5CEdXKqmmb37nScanFH7K782VRJHwnNegFmkEf7mdM2pftFE8t8tT1kBiJVHNzmNCfzAdD8ABJUo52GGfTLDbK9wj7Dh8Y6KEuqgL4MngbfEVW456vTanW2ij
ç›‘å¬åœ°å€ | Listening address: 0.0.0.0:7777
æ—¥å¿—çº§åˆ« | Log level: info,nockchain=info,nockchain_libp2p_io=info,libp2p=info,libp2p_quic=info
[32mI[0m [38;5;246m(17:31:30)[0m [3;90mpool_server[0m: 
    _   _            _        _           _          _____             _ 
   | \ | |          | |      | |         (_)        |  __ \           | |
   |  \| | ___   ___| | _____| |__   __ _ _ _ __    | |__) |__   ___ | |
   | . ` |/ _ \ / __| |/ / __| '_ \ / _` | | '_ \   |  ___/ _ \ / _ \| |
   | |\  | (_) | (__|   < (__| | | | (_| | | | | |  | |  | (_) | (_) | |
   |_| \_|\___/ \___|_|\_\___|_| |_|\__,_|_|_| |_|  |_|   \___/ \___/|_|
                                                                        
    
[32mI[0m [38;5;246m(17:31:30)[0m [3;90mpool_server[0m: å¯åŠ¨çŸ¿æ± æœåŠ¡å™¨
[32mI[0m [38;5;246m(17:31:30)[0m [3;90mpool_server[0m: æŒ–çŸ¿å…¬é’¥: 3geooCU86ng5CEdXKqmmb37nScanFH7K782VRJHwnNegFmkEf7mdM2pftFE8t8tT1kBiJVHNzmNCfzAdD8ABJUo52GGfTLDbK9wj7Dh8Y6KEuqgL4MngbfEVW456vTanW2ij
[32mI[0m [38;5;246m(17:31:30)[0m [3;90mpool_server[0m: åˆå§‹åŒ–å†…åµŒnockchainèŠ‚ç‚¹...

[0m[1m[38;2;128;0;0m [0m[1m[38;2;130;0;0m [0m[1m[38;2;133;0;0m [0m[1m[38;2;136;0;0m [0m[1m[38;2;139;0;0m_[0m[1m[38;2;142;0;0m [0m[1m[38;2;145;0;0m [0m[1m[38;2;148;0;0m [0m[1m[38;2;151;0;0m_[0m[1m[38;2;154;0;0m [0m[1m[38;2;157;0;0m [0m[1m[38;2;160;0;0m [0m[1m[38;2;163;0;0m [0m[1m[38;2;166;0;0m [0m[1m[38;2;169;0;0m [0m[1m[38;2;172;0;0m [0m[1m[38;2;175;0;0m [0m[1m[38;2;178;0;0m [0m[1m[38;2;181;0;0m [0m[1m[38;2;184;0;0m [0m[1m[38;2;187;0;0m [0m[1m[38;2;190;0;0m_[0m[1m[38;2;192;0;0m [0m[1m[38;2;195;0;0m [0m[1m[38;2;198;0;0m [0m[1m[38;2;201;0;0m [0m[1m[38;2;204;0;0m [0m[1m[38;2;207;0;0m [0m[1m[38;2;210;0;0m [0m[1m[38;2;213;0;0m [0m[1m[38;2;216;0;0m_[0m[1m[38;2;219;0;0m [0m[1m[38;2;222;0;0m [0m[1m[38;2;225;0;0m [0m[1m[38;2;228;0;0m [0m[1m[38;2;231;0;0m [0m[1m[38;2;234;0;0m [0m[1m[38;2;237;0;0m [0m[1m[38;2;240;0;0m [0m[1m[38;2;243;0;0m [0m[1m[38;2;246;0;0m [0m[1m[38;2;249;0;0m [0m[1m[38;2;252;0;0m_
[0m[1m[38;2;128;0;0m [0m[1m[38;2;130;0;0m [0m[1m[38;2;133;0;0m [0m[1m[38;2;135;0;0m|[0m[1m[38;2;138;0;0m [0m[1m[38;2;141;0;0m\[0m[1m[38;2;143;0;0m [0m[1m[38;2;146;0;0m|[0m[1m[38;2;149;0;0m [0m[1m[38;2;151;0;0m|[0m[1m[38;2;154;0;0m [0m[1m[38;2;157;0;0m_[0m[1m[38;2;159;0;0m_[0m[1m[38;2;162;0;0m_[0m[1m[38;2;165;0;0m [0m[1m[38;2;167;0;0m [0m[1m[38;2;170;0;0m [0m[1m[38;2;172;0;0m_[0m[1m[38;2;175;0;0m_[0m[1m[38;2;178;0;0m_[0m[1m[38;2;180;0;0m|[0m[1m[38;2;183;0;0m [0m[1m[38;2;186;0;0m|[0m[1m[38;2;188;0;0m [0m[1m[38;2;191;0;0m_[0m[1m[38;2;194;0;0m_[0m[1m[38;2;196;0;0m_[0m[1m[38;2;199;0;0m_[0m[1m[38;2;202;0;0m_[0m[1m[38;2;204;0;0m|[0m[1m[38;2;207;0;0m [0m[1m[38;2;210;0;0m|[0m[1m[38;2;212;0;0m_[0m[1m[38;2;215;0;0m_[0m[1m[38;2;217;0;0m [0m[1m[38;2;220;0;0m [0m[1m[38;2;223;0;0m [0m[1m[38;2;225;0;0m_[0m[1m[38;2;228;0;0m_[0m[1m[38;2;231;0;0m [0m[1m[38;2;233;0;0m_[0m[1m[38;2;236;0;0m([0m[1m[38;2;239;0;0m_[0m[1m[38;2;241;0;0m)[0m[1m[38;2;244;0;0m_[0m[1m[38;2;247;0;0m [0m[1m[38;2;249;0;0m_[0m[1m[38;2;252;0;0m_
[0m[1m[38;2;255;0;0m [0m[1m[38;2;255;1;0m [0m[1m[38;2;255;2;0m [0m[1m[38;2;255;4;0m|[0m[1m[38;2;255;5;0m [0m[1m[38;2;255;7;0m [0m[1m[38;2;255;8;0m\[0m[1m[38;2;255;9;0m|[0m[1m[38;2;255;11;0m [0m[1m[38;2;254;12;0m|[0m[1m[38;2;255;14;0m/[0m[1m[38;2;255;15;0m [0m[1m[38;2;255;16;0m_[0m[1m[38;2;255;18;0m [0m[1m[38;2;255;19;0m\[0m[1m[38;2;255;21;0m [0m[1m[38;2;255;22;0m/[0m[1m[38;2;255;23;0m [0m[1m[38;2;255;25;0m_[0m[1m[38;2;255;26;0m_[0m[1m[38;2;254;28;0m|[0m[1m[38;2;255;29;0m [0m[1m[38;2;254;30;0m|[0m[1m[38;2;255;32;0m/[0m[1m[38;2;255;33;0m [0m[1m[38;2;255;35;0m/[0m[1m[38;2;255;36;0m [0m[1m[38;2;255;38;0m_[0m[1m[38;2;255;39;0m_[0m[1m[38;2;255;40;0m|[0m[1m[38;2;255;42;0m [0m[1m[38;2;255;43;0m'[0m[1m[38;2;255;45;0m_[0m[1m[38;2;255;46;0m [0m[1m[38;2;255;47;0m\[0m[1m[38;2;255;49;0m [0m[1m[38;2;255;50;0m/[0m[1m[38;2;255;52;0m [0m[1m[38;2;255;53;0m_[0m[1m[38;2;255;54;0m`[0m[1m[38;2;255;56;0m [0m[1m[38;2;255;57;0m|[0m[1m[38;2;255;59;0m [0m[1m[38;2;255;60;0m|[0m[1m[38;2;255;61;0m [0m[1m[38;2;255;63;0m'[0m[1m[38;2;255;64;0m_[0m[1m[38;2;255;66;0m [0m[1m[38;2;255;67;0m\
[0m[1m[38;2;255;0;0m [0m[1m[38;2;255;1;0m [0m[1m[38;2;254;2;0m [0m[1m[38;2;255;4;0m|[0m[1m[38;2;255;5;0m [0m[1m[38;2;255;6;0m|[0m[1m[38;2;255;8;0m\[0m[1m[38;2;255;9;0m [0m[1m[38;2;255;11;0m [0m[1m[38;2;255;12;0m|[0m[1m[38;2;255;13;0m [0m[1m[38;2;255;15;0m([0m[1m[38;2;255;16;0m_[0m[1m[38;2;255;17;0m)[0m[1m[38;2;255;19;0m [0m[1m[38;2;255;20;0m|[0m[1m[38;2;255;22;0m [0m[1m[38;2;255;23;0m([0m[1m[38;2;255;24;0m_[0m[1m[38;2;255;26;0m_[0m[1m[38;2;255;27;0m|[0m[1m[38;2;255;28;0m [0m[1m[38;2;255;30;0m [0m[1m[38;2;255;31;0m [0m[1m[38;2;254;33;0m<[0m[1m[38;2;255;34;0m [0m[1m[38;2;255;35;0m([0m[1m[38;2;255;37;0m_[0m[1m[38;2;255;38;0m_[0m[1m[38;2;255;40;0m|[0m[1m[38;2;255;41;0m [0m[1m[38;2;255;42;0m|[0m[1m[38;2;255;44;0m [0m[1m[38;2;255;45;0m|[0m[1m[38;2;255;46;0m [0m[1m[38;2;255;48;0m|[0m[1m[38;2;255;49;0m [0m[1m[38;2;255;51;0m([0m[1m[38;2;255;52;0m_[0m[1m[38;2;255;53;0m|[0m[1m[38;2;255;55;0m [0m[1m[38;2;255;56;0m|[0m[1m[38;2;255;57;0m [0m[1m[38;2;255;59;0m|[0m[1m[38;2;255;60;0m [0m[1m[38;2;255;62;0m|[0m[1m[38;2;255;63;0m [0m[1m[38;2;255;64;0m|[0m[1m[38;2;255;66;0m [0m[1m[38;2;255;67;0m|
[0m[1m[38;2;255;0;0m [0m[1m[38;2;255;1;0m [0m[1m[38;2;254;2;0m [0m[1m[38;2;255;4;0m|[0m[1m[38;2;255;5;0m_[0m[1m[38;2;255;6;0m|[0m[1m[38;2;255;8;0m [0m[1m[38;2;255;9;0m\[0m[1m[38;2;255;11;0m_[0m[1m[38;2;255;12;0m|[0m[1m[38;2;255;13;0m\[0m[1m[38;2;255;15;0m_[0m[1m[38;2;255;16;0m_[0m[1m[38;2;255;17;0m_[0m[1m[38;2;255;19;0m/[0m[1m[38;2;255;20;0m [0m[1m[38;2;255;22;0m\[0m[1m[38;2;255;23;0m_[0m[1m[38;2;255;24;0m_[0m[1m[38;2;255;26;0m_[0m[1m[38;2;255;27;0m|[0m[1m[38;2;255;28;0m_[0m[1m[38;2;255;30;0m|[0m[1m[38;2;255;31;0m\[0m[1m[38;2;254;33;0m_[0m[1m[38;2;255;34;0m\[0m[1m[38;2;255;35;0m_[0m[1m[38;2;255;37;0m_[0m[1m[38;2;255;38;0m_[0m[1m[38;2;255;40;0m|[0m[1m[38;2;255;41;0m_[0m[1m[38;2;255;42;0m|[0m[1m[38;2;255;44;0m [0m[1m[38;2;255;45;0m|[0m[1m[38;2;255;46;0m_[0m[1m[38;2;255;48;0m|[0m[1m[38;2;255;49;0m\[0m[1m[38;2;255;51;0m_[0m[1m[38;2;255;52;0m_[0m[1m[38;2;255;53;0m,[0m[1m[38;2;255;55;0m_[0m[1m[38;2;255;56;0m|[0m[1m[38;2;255;57;0m_[0m[1m[38;2;255;59;0m|[0m[1m[38;2;255;60;0m_[0m[1m[38;2;255;62;0m|[0m[1m[38;2;255;63;0m [0m[1m[38;2;255;64;0m|[0m[1m[38;2;255;66;0m_[0m[1m[38;2;255;67;0m|
[0m[1m[38;2;255;69;0m [0m[1m[38;2;254;69;0m [0m[1m[38;2;255;69;0m 
[0m[32mI[0m [38;5;246m(17:31:30)[0m [3;90m[no] kernel::boot[0m: kernel: starting
[32mI[0m [38;5;246m(17:31:32)[0m [3;90mnockchain[0m: Loaded identity as peer 12D3KooWMyFPBdnrEcAoHcv5f26wcoS5kizQ17setuD3thN9hVaL
allowed_peers_path: None
[32mI[0m [38;5;246m(17:31:32)[0m [32msetting genesis seal.[0m
[32mI[0m [38;5;246m(17:31:32)[0m [32mNot checking btc hash for genesis block[0m
[32mI[0m [38;5;246m(17:31:32)[0m [3;90mpool_server[0m: å‡†å¤‡åˆå§‹åŒ–çŸ¿æ± æœåŠ¡...
[32mI[0m [38;5;246m(17:31:32)[0m [3;90mstatus_monitor[0m: çŠ¶æ€æ—¥å¿—é—´éš”è®¾ç½®ä¸º 300 ç§’
[32mI[0m [38;5;246m(17:31:32)[0m [3;90mpool_server[0m: ç”Ÿæˆæ–°å·¥ä½œä»»åŠ¡ 385f05ef-ba90-4854-a61d-631eb0b827a2 | Generating new work task 385f05ef-ba90-4854-a61d-631eb0b827a2
[32mI[0m [38;5;246m(17:31:32)[0m [3;90mstatus_monitor[0m: æŒ–çŸ¿éš¾åº¦æ›´æ–°: æœªçŸ¥ -> ffffffffffffffffffffffffffffffffffffffffffffffffffffffffffffffffffffffff20ffffffffffffffffffffffffffffffffffffffffffffffffffffff
[32mI[0m [38;5;246m(17:31:32)[0m [3;90mpool_server[0m: å¹¿æ’­æ–°å·¥ä½œä»»åŠ¡ 385f05ef-ba90-4854-a61d-631eb0b827a2 ç»™æ‰€æœ‰çŸ¿å·¥ | Broadcasting new work task 385f05ef-ba90-4854-a61d-631eb0b827a2 to all miners
[32mI[0m [38;5;246m(17:31:32)[0m [3;90mpool_server[0m: å¯åŠ¨HTTP APIæœåŠ¡å™¨åœ¨ 0.0.0.0:8080
[32mI[0m [38;5;246m(17:31:32)[0m [3;90mhttp_api[0m: å¯åŠ¨HTTP APIæœåŠ¡å™¨åœ¨ 0.0.0.0:8080
[32mI[0m [38;5;246m(17:31:32)[0m [3;90mpool_server[0m: å¼€å§‹ç›‘å¬åŒºå—é“¾äº‹ä»¶ | Started listening for blockchain events
[32mI[0m [38;5;246m(17:31:32)[0m [3;90mhttp_api[0m: HTTP APIæœåŠ¡å™¨å·²å¯åŠ¨åœ¨ 0.0.0.0:8080
[32mI[0m [38;5;246m(17:31:32)[0m [3;90mpool_server[0m: çŸ¿æ± æœåŠ¡å™¨ç›‘å¬äº 0.0.0.0:7777
[32mI[0m [38;5;246m(17:31:32)[0m [3;90mlibp2p_swarm[0m: [3mlocal_peer_id[0m[2m=[0m12D3KooWMyFPBdnrEcAoHcv5f26wcoS5kizQ17setuD3thN9hVaL
[31mE[0m [38;5;246m(17:31:32)[0m [3;90mp2p[0m: Failed to listen on /ip4/0.0.0.0/tcp/13340: Multiaddr is not supported: /ip4/0.0.0.0/tcp/13340
[31mE[0m [38;5;246m(17:31:32)[0m [3;90mnc[0m: Could not create swarm: Multiaddr is not supported: /ip4/0.0.0.0/tcp/13340
[32mI[0m [38;5;246m(17:31:32)[0m [3;90mdriver_init[0m: driver 'libp2p' initialized
[32mI[0m [38;5;246m(17:31:32)[0m [3;90mpool_server[0m: æ‰§è¡Œå®šæœŸåŒºå—é“¾çŠ¶æ€æ£€æŸ¥ | Performing periodic blockchain state check
